<?xml version="1.0" encoding="UTF-8"?>
<testng-results ignored="0" total="2" passed="1" failed="1" skipped="0">
  <reporter-output>
  </reporter-output>
  <suite started-at="2022-10-07T17:20:21 IST" name="Default suite" finished-at="2022-10-07T17:21:18 IST" duration-ms="57631">
    <groups>
      <group name="cucumber">
        <method signature="AbstractTestNGCucumberTests.runScenario(io.cucumber.testng.PickleWrapper,io.cucumber.testng.FeatureWrapper)[pri:0, instance:stepDefination.RunnerTestng@4d5d943d]" name="runScenario" class="io.cucumber.testng.AbstractTestNGCucumberTests"/>
      </group> <!-- cucumber -->
    </groups>
    <test started-at="2022-10-07T17:20:21 IST" name="Default test" finished-at="2022-10-07T17:21:18 IST" duration-ms="57631">
      <class name="stepDefination.RunnerTestng">
        <test-method is-config="true" signature="setUpClass(org.testng.ITestContext)[pri:0, instance:stepDefination.RunnerTestng@4d5d943d]" started-at="2022-10-07T17:20:21 IST" name="setUpClass" finished-at="2022-10-07T17:20:21 IST" duration-ms="511" status="PASS">
          <params>
            <param index="0">
              <value>
                <![CDATA[org.testng.TestRunner@57fbc06f]]>
              </value>
            </param>
          </params>
          <reporter-output>
          </reporter-output>
        </test-method> <!-- setUpClass -->
        <test-method signature="runScenario(io.cucumber.testng.PickleWrapper,io.cucumber.testng.FeatureWrapper)[pri:0, instance:stepDefination.RunnerTestng@4d5d943d]" started-at="2022-10-07T17:20:21 IST" name="runScenario" description="Runs Cucumber Scenarios" data-provider="scenarios" finished-at="2022-10-07T17:20:30 IST" duration-ms="9037" status="PASS">
          <params>
            <param index="0">
              <value>
                <![CDATA["Title of your scenario outline"]]>
              </value>
            </param>
            <param index="1">
              <value>
                <![CDATA["Testing OrangeHRM"]]>
              </value>
            </param>
          </params>
          <reporter-output>
          </reporter-output>
        </test-method> <!-- runScenario -->
        <test-method signature="runScenario(io.cucumber.testng.PickleWrapper,io.cucumber.testng.FeatureWrapper)[pri:0, instance:stepDefination.RunnerTestng@4d5d943d]" started-at="2022-10-07T17:20:30 IST" name="runScenario" description="Runs Cucumber Scenarios" data-provider="scenarios" finished-at="2022-10-07T17:21:18 IST" duration-ms="47863" status="FAIL">
          <params>
            <param index="0">
              <value>
                <![CDATA["Title of your scenario outline"]]>
              </value>
            </param>
            <param index="1">
              <value>
                <![CDATA["Testing OrangeHRM"]]>
              </value>
            </param>
          </params>
          <exception class="org.openqa.selenium.NoSuchElementException">
            <message>
              <![CDATA[no such element: Unable to locate element: {"method":"xpath","selector":"//p[@class='oxd-userdropdown-name']"}
  (Session info: chrome=106.0.5249.62)
For documentation on this error, please visit: https://selenium.dev/exceptions/#no_such_element
Build info: version: '4.3.0', revision: 'a4995e2c09*'
System info: host: 'AQMIT-LPT-10403', ip: '192.0.6.116', os.name: 'Windows 10', os.arch: 'amd64', os.version: '10.0', java.version: '18.0.2'
Driver info: org.openqa.selenium.chrome.ChromeDriver
Command: [843e2b5966720b2cc5d680f37c027025, findElement {using=xpath, value=//p[@class='oxd-userdropdown-name']}]
Capabilities {acceptInsecureCerts: false, browserName: chrome, browserVersion: 106.0.5249.62, chrome: {chromedriverVersion: 105.0.5195.52 (412c95e51883..., userDataDir: D:\Users\Manish.Saha\AppDat...}, goog:chromeOptions: {debuggerAddress: localhost:64543}, networkConnectionEnabled: false, pageLoadStrategy: normal, platformName: WINDOWS, proxy: Proxy(), se:cdp: ws://localhost:64543/devtoo..., se:cdpVersion: 106.0.5249.62, setWindowRect: true, strictFileInteractability: false, timeouts: {implicit: 0, pageLoad: 300000, script: 30000}, unhandledPromptBehavior: dismiss and notify, webauthn:extension:credBlob: true, webauthn:extension:largeBlob: true, webauthn:virtualAuthenticators: true}
Session ID: 843e2b5966720b2cc5d680f37c027025]]>
            </message>
            <full-stacktrace>
              <![CDATA[org.openqa.selenium.NoSuchElementException: no such element: Unable to locate element: {"method":"xpath","selector":"//p[@class='oxd-userdropdown-name']"}
  (Session info: chrome=106.0.5249.62)
For documentation on this error, please visit: https://selenium.dev/exceptions/#no_such_element
Build info: version: '4.3.0', revision: 'a4995e2c09*'
System info: host: 'AQMIT-LPT-10403', ip: '192.0.6.116', os.name: 'Windows 10', os.arch: 'amd64', os.version: '10.0', java.version: '18.0.2'
Driver info: org.openqa.selenium.chrome.ChromeDriver
Command: [843e2b5966720b2cc5d680f37c027025, findElement {using=xpath, value=//p[@class='oxd-userdropdown-name']}]
Capabilities {acceptInsecureCerts: false, browserName: chrome, browserVersion: 106.0.5249.62, chrome: {chromedriverVersion: 105.0.5195.52 (412c95e51883..., userDataDir: D:\Users\Manish.Saha\AppDat...}, goog:chromeOptions: {debuggerAddress: localhost:64543}, networkConnectionEnabled: false, pageLoadStrategy: normal, platformName: WINDOWS, proxy: Proxy(), se:cdp: ws://localhost:64543/devtoo..., se:cdpVersion: 106.0.5249.62, setWindowRect: true, strictFileInteractability: false, timeouts: {implicit: 0, pageLoad: 300000, script: 30000}, unhandledPromptBehavior: dismiss and notify, webauthn:extension:credBlob: true, webauthn:extension:largeBlob: true, webauthn:virtualAuthenticators: true}
Session ID: 843e2b5966720b2cc5d680f37c027025
at java.base/jdk.internal.reflect.DirectConstructorHandleAccessor.newInstance(DirectConstructorHandleAccessor.java:67)
at java.base/java.lang.reflect.Constructor.newInstanceWithCaller(Constructor.java:499)
at java.base/java.lang.reflect.Constructor.newInstance(Constructor.java:483)
at org.openqa.selenium.remote.codec.w3c.W3CHttpResponseCodec.createException(W3CHttpResponseCodec.java:200)
at org.openqa.selenium.remote.codec.w3c.W3CHttpResponseCodec.decode(W3CHttpResponseCodec.java:133)
at org.openqa.selenium.remote.codec.w3c.W3CHttpResponseCodec.decode(W3CHttpResponseCodec.java:53)
at org.openqa.selenium.remote.HttpCommandExecutor.execute(HttpCommandExecutor.java:184)
at org.openqa.selenium.remote.service.DriverCommandExecutor.invokeExecute(DriverCommandExecutor.java:167)
at org.openqa.selenium.remote.service.DriverCommandExecutor.execute(DriverCommandExecutor.java:142)
at org.openqa.selenium.remote.RemoteWebDriver.execute(RemoteWebDriver.java:569)
at org.openqa.selenium.remote.ElementLocation$ElementFinder$2.findElement(ElementLocation.java:162)
at org.openqa.selenium.remote.ElementLocation.findElement(ElementLocation.java:60)
at org.openqa.selenium.remote.RemoteWebDriver.findElement(RemoteWebDriver.java:387)
at org.openqa.selenium.remote.RemoteWebDriver.findElement(RemoteWebDriver.java:379)
at stepDefination.LoginPage.user_should_be_in_home_page(LoginPage.java:51)
at ✽.user should be in home page(file:///D:/Users/Manish.Saha/Manish_eclipse-workspace/CucumberClass1/./FeatureFiles/login.feature:19)
]]>
            </full-stacktrace>
          </exception> <!-- org.openqa.selenium.NoSuchElementException -->
          <reporter-output>
          </reporter-output>
        </test-method> <!-- runScenario -->
        <test-method is-config="true" signature="tearDownClass()[pri:0, instance:stepDefination.RunnerTestng@4d5d943d]" started-at="2022-10-07T17:21:18 IST" name="tearDownClass" finished-at="2022-10-07T17:21:18 IST" duration-ms="173" status="PASS">
          <reporter-output>
          </reporter-output>
        </test-method> <!-- tearDownClass -->
      </class> <!-- stepDefination.RunnerTestng -->
    </test> <!-- Default test -->
  </suite> <!-- Default suite -->
</testng-results>
